# JRE version: Java(TM) SE Runtime Environment (17.0.2+8) (build 17.0.2+8-LTS-86)
# Java VM: Java HotSpot(TM) 64-Bit Server VM (17.0.2+8-LTS-86, mixed mode, sharing, tiered, compressed oops, compressed class ptrs, g1 gc, bsd-amd64)
GC Precious Log:
 CPUs: 4 total, 4 available
 Memory: 8192M
 Large Page Support: Disabled
 NUMA Support: Disabled
 Compressed Oops: Enabled (Zero based)
 Heap Region Size: 1M
 Heap Min Capacity: 8M
 Heap Initial Capacity: 128M
 Heap Max Capacity: 2G
 Pre-touch: Disabled
 Parallel Workers: 4
 Concurrent Workers: 1
 Concurrent Refinement Workers: 4
 Periodic GC: Disabled
Heap:
 garbage-first heap   total 133120K, used 57058K [0x0000000780000000, 0x0000000800000000)
  region size 1024K, 24 young (24576K), 6 survivors (6144K)
 Metaspace       used 19534K, committed 19776K, reserved 1073152K
  class space    used 2593K, committed 2688K, reserved 1048576K
GC Heap History (8 events):
Event: 1,574 GC heap before
{Heap before GC invocations=0 (full 0):
 garbage-first heap   total 133120K, used 14292K [0x0000000780000000, 0x0000000800000000)
  region size 1024K, 13 young (13312K), 0 survivors (0K)
 Metaspace       used 3194K, committed 3392K, reserved 1056768K
  class space    used 361K, committed 448K, reserved 1048576K
}
Event: 1,578 GC heap after
{Heap after GC invocations=1 (full 0):
 garbage-first heap   total 133120K, used 2484K [0x0000000780000000, 0x0000000800000000)
  region size 1024K, 2 young (2048K), 2 survivors (2048K)
 Metaspace       used 3194K, committed 3392K, reserved 1056768K
  class space    used 361K, committed 448K, reserved 1048576K
}
Event: 2,741 GC heap before
{Heap before GC invocations=1 (full 0):
 garbage-first heap   total 133120K, used 26036K [0x0000000780000000, 0x0000000800000000)
  region size 1024K, 25 young (25600K), 2 survivors (2048K)
 Metaspace       used 7561K, committed 7744K, reserved 1064960K
  class space    used 1021K, committed 1152K, reserved 1048576K
}
Event: 2,764 GC heap after
{Heap after GC invocations=2 (full 0):
 garbage-first heap   total 133120K, used 5131K [0x0000000780000000, 0x0000000800000000)
  region size 1024K, 4 young (4096K), 4 survivors (4096K)
 Metaspace       used 7561K, committed 7744K, reserved 1064960K
  class space    used 1021K, committed 1152K, reserved 1048576K
}
Event: 4,056 GC heap before
{Heap before GC invocations=2 (full 0):
 garbage-first heap   total 133120K, used 33803K [0x0000000780000000, 0x0000000800000000)
  region size 1024K, 33 young (33792K), 4 survivors (4096K)
 Metaspace       used 15045K, committed 15232K, reserved 1064960K
  class space    used 1973K, committed 2048K, reserved 1048576K
}
Event: 4,075 GC heap after
{Heap after GC invocations=3 (full 0):
 garbage-first heap   total 133120K, used 9651K [0x0000000780000000, 0x0000000800000000)
  region size 1024K, 5 young (5120K), 5 survivors (5120K)
 Metaspace       used 15045K, committed 15232K, reserved 1064960K
  class space    used 1973K, committed 2048K, reserved 1048576K
}
Event: 6,870 GC heap before
{Heap before GC invocations=3 (full 0):
 garbage-first heap   total 133120K, used 111027K [0x0000000780000000, 0x0000000800000000)
  region size 1024K, 76 young (77824K), 5 survivors (5120K)
 Metaspace       used 18826K, committed 19072K, reserved 1073152K
  class space    used 2527K, committed 2624K, reserved 1048576K
}
Event: 6,877 GC heap after
{Heap after GC invocations=4 (full 0):
 garbage-first heap   total 133120K, used 39650K [0x0000000780000000, 0x0000000800000000)
  region size 1024K, 6 young (6144K), 6 survivors (6144K)
 Metaspace       used 18826K, committed 19072K, reserved 1073152K
  class space    used 2527K, committed 2624K, reserved 1048576K
}

